# JRE version: Java(TM) SE Runtime Environment (7.0_40-b43) (build 1.7.0_40-b43)
# Java VM: Java HotSpot(TM) 64-Bit Server VM (24.0-b56 mixed mode windows-amd64 compressed oops)
Heap
 PSYoungGen      total 109568K, used 95036K [0x00000000e0880000, 0x00000000edd80000, 0x0000000100000000)
  eden space 100352K, 88% used [0x00000000e0880000,0x00000000e5eff980,0x00000000e6a80000)
  from space 9216K, 70% used [0x00000000e6a80000,0x00000000e70cf858,0x00000000e7380000)
  to   space 8704K, 0% used [0x00000000ed500000,0x00000000ed500000,0x00000000edd80000)
 ParOldGen       total 64000K, used 6830K [0x00000000a1a00000, 0x00000000a5880000, 0x00000000e0880000)
  object space 64000K, 10% used [0x00000000a1a00000,0x00000000a20abac8,0x00000000a5880000)
 PSPermGen       total 40960K, used 28247K [0x000000009c800000, 0x000000009f000000, 0x00000000a1a00000)
  object space 40960K, 68% used [0x000000009c800000,0x000000009e395c30,0x000000009f000000)
GC Heap History (10 events):
Event: 6.062 GC heap before
{Heap before GC invocations=4 (full 0):
 PSYoungGen      total 28672K, used 28670K [0x00000000e0880000, 0x00000000e4080000, 0x0000000100000000)
  eden space 25088K, 100% used [0x00000000e0880000,0x00000000e2100000,0x00000000e2100000)
  from space 3584K, 99% used [0x00000000e2100000,0x00000000e247f828,0x00000000e2480000)
  to   space 3584K, 0% used [0x00000000e3d00000,0x00000000e3d00000,0x00000000e4080000)
 ParOldGen       total 64000K, used 3180K [0x00000000a1a00000, 0x00000000a5880000, 0x00000000e0880000)
  object space 64000K, 4% used [0x00000000a1a00000,0x00000000a1d1b390,0x00000000a5880000)
 PSPermGen       total 21504K, used 14436K [0x000000009c800000, 0x000000009dd00000, 0x00000000a1a00000)
  object space 21504K, 67% used [0x000000009c800000,0x000000009d6191d0,0x000000009dd00000)
Event: 6.091 GC heap after
Heap after GC invocations=4 (full 0):
 PSYoungGen      total 53760K, used 3582K [0x00000000e0880000, 0x00000000e4080000, 0x0000000100000000)
  eden space 50176K, 0% used [0x00000000e0880000,0x00000000e0880000,0x00000000e3980000)
  from space 3584K, 99% used [0x00000000e3d00000,0x00000000e407f960,0x00000000e4080000)
  to   space 3584K, 0% used [0x00000000e3980000,0x00000000e3980000,0x00000000e3d00000)
 ParOldGen       total 64000K, used 5609K [0x00000000a1a00000, 0x00000000a5880000, 0x00000000e0880000)
  object space 64000K, 8% used [0x00000000a1a00000,0x00000000a1f7a7f0,0x00000000a5880000)
 PSPermGen       total 21504K, used 14436K [0x000000009c800000, 0x000000009dd00000, 0x00000000a1a00000)
  object space 21504K, 67% used [0x000000009c800000,0x000000009d6191d0,0x000000009dd00000)
}
Event: 7.803 GC heap before
{Heap before GC invocations=5 (full 0):
 PSYoungGen      total 53760K, used 53758K [0x00000000e0880000, 0x00000000e4080000, 0x0000000100000000)
  eden space 50176K, 100% used [0x00000000e0880000,0x00000000e3980000,0x00000000e3980000)
  from space 3584K, 99% used [0x00000000e3d00000,0x00000000e407f960,0x00000000e4080000)
  to   space 3584K, 0% used [0x00000000e3980000,0x00000000e3980000,0x00000000e3d00000)
 ParOldGen       total 64000K, used 5609K [0x00000000a1a00000, 0x00000000a5880000, 0x00000000e0880000)
  object space 64000K, 8% used [0x00000000a1a00000,0x00000000a1f7a7f0,0x00000000a5880000)
 PSPermGen       total 21504K, used 17944K [0x000000009c800000, 0x000000009dd00000, 0x00000000a1a00000)
  object space 21504K, 83% used [0x000000009c800000,0x000000009d986248,0x000000009dd00000)
Event: 7.832 GC heap after
Heap after GC invocations=5 (full 0):
 PSYoungGen      total 53760K, used 3574K [0x00000000e0880000, 0x00000000e7c80000, 0x0000000100000000)
  eden space 50176K, 0% used [0x00000000e0880000,0x00000000e0880000,0x00000000e3980000)
  from space 3584K, 99% used [0x00000000e3980000,0x00000000e3cfd8d0,0x00000000e3d00000)
  to   space 9216K, 0% used [0x00000000e7380000,0x00000000e7380000,0x00000000e7c80000)
 ParOldGen       total 64000K, used 10971K [0x00000000a1a00000, 0x00000000a5880000, 0x00000000e0880000)
  object space 64000K, 17% used [0x00000000a1a00000,0x00000000a24b6fe0,0x00000000a5880000)
 PSPermGen       total 21504K, used 17944K [0x000000009c800000, 0x000000009dd00000, 0x00000000a1a00000)
  object space 21504K, 83% used [0x000000009c800000,0x000000009d986248,0x000000009dd00000)
}
Event: 8.751 GC heap before
{Heap before GC invocations=6 (full 0):
 PSYoungGen      total 53760K, used 29498K [0x00000000e0880000, 0x00000000e7c80000, 0x0000000100000000)
  eden space 50176K, 51% used [0x00000000e0880000,0x00000000e21d1268,0x00000000e3980000)
  from space 3584K, 99% used [0x00000000e3980000,0x00000000e3cfd8d0,0x00000000e3d00000)
  to   space 9216K, 0% used [0x00000000e7380000,0x00000000e7380000,0x00000000e7c80000)
 ParOldGen       total 64000K, used 10971K [0x00000000a1a00000, 0x00000000a5880000, 0x00000000e0880000)
  object space 64000K, 17% used [0x00000000a1a00000,0x00000000a24b6fe0,0x00000000a5880000)
 PSPermGen       total 21504K, used 20397K [0x000000009c800000, 0x000000009dd00000, 0x00000000a1a00000)
  object space 21504K, 94% used [0x000000009c800000,0x000000009dbeb6a8,0x000000009dd00000)
Event: 8.773 GC heap after
Heap after GC invocations=6 (full 0):
 PSYoungGen      total 109568K, used 6301K [0x00000000e0880000, 0x00000000e7c80000, 0x0000000100000000)
  eden space 100352K, 0% used [0x00000000e0880000,0x00000000e0880000,0x00000000e6a80000)
  from space 9216K, 68% used [0x00000000e7380000,0x00000000e79a7530,0x00000000e7c80000)
  to   space 9216K, 0% used [0x00000000e6a80000,0x00000000e6a80000,0x00000000e7380000)
 ParOldGen       total 64000K, used 10971K [0x00000000a1a00000, 0x00000000a5880000, 0x00000000e0880000)
  object space 64000K, 17% used [0x00000000a1a00000,0x00000000a24b6fe0,0x00000000a5880000)
 PSPermGen       total 21504K, used 20397K [0x000000009c800000, 0x000000009dd00000, 0x00000000a1a00000)
  object space 21504K, 94% used [0x000000009c800000,0x000000009dbeb6a8,0x000000009dd00000)
}
Event: 8.773 GC heap before
{Heap before GC invocations=7 (full 1):
 PSYoungGen      total 109568K, used 6301K [0x00000000e0880000, 0x00000000e7c80000, 0x0000000100000000)
  eden space 100352K, 0% used [0x00000000e0880000,0x00000000e0880000,0x00000000e6a80000)
  from space 9216K, 68% used [0x00000000e7380000,0x00000000e79a7530,0x00000000e7c80000)
  to   space 9216K, 0% used [0x00000000e6a80000,0x00000000e6a80000,0x00000000e7380000)
 ParOldGen       total 64000K, used 10971K [0x00000000a1a00000, 0x00000000a5880000, 0x00000000e0880000)
  object space 64000K, 17% used [0x00000000a1a00000,0x00000000a24b6fe0,0x00000000a5880000)
 PSPermGen       total 21504K, used 20397K [0x000000009c800000, 0x000000009dd00000, 0x00000000a1a00000)
  object space 21504K, 94% used [0x000000009c800000,0x000000009dbeb6a8,0x000000009dd00000)
Event: 8.994 GC heap after
Heap after GC invocations=7 (full 1):
 PSYoungGen      total 109568K, used 0K [0x00000000e0880000, 0x00000000e7c80000, 0x0000000100000000)
  eden space 100352K, 0% used [0x00000000e0880000,0x00000000e0880000,0x00000000e6a80000)
  from space 9216K, 0% used [0x00000000e7380000,0x00000000e7380000,0x00000000e7c80000)
  to   space 9216K, 0% used [0x00000000e6a80000,0x00000000e6a80000,0x00000000e7380000)
 ParOldGen       total 64000K, used 6830K [0x00000000a1a00000, 0x00000000a5880000, 0x00000000e0880000)
  object space 64000K, 10% used [0x00000000a1a00000,0x00000000a20abac8,0x00000000a5880000)
 PSPermGen       total 40960K, used 20388K [0x000000009c800000, 0x000000009f000000, 0x00000000a1a00000)
  object space 40960K, 49% used [0x000000009c800000,0x000000009dbe92f8,0x000000009f000000)
}
Event: 10.526 GC heap before
{Heap before GC invocations=8 (full 1):
 PSYoungGen      total 109568K, used 100352K [0x00000000e0880000, 0x00000000e7c80000, 0x0000000100000000)
  eden space 100352K, 100% used [0x00000000e0880000,0x00000000e6a80000,0x00000000e6a80000)
  from space 9216K, 0% used [0x00000000e7380000,0x00000000e7380000,0x00000000e7c80000)
  to   space 9216K, 0% used [0x00000000e6a80000,0x00000000e6a80000,0x00000000e7380000)
 ParOldGen       total 64000K, used 6830K [0x00000000a1a00000, 0x00000000a5880000, 0x00000000e0880000)
  object space 64000K, 10% used [0x00000000a1a00000,0x00000000a20abac8,0x00000000a5880000)
 PSPermGen       total 40960K, used 21938K [0x000000009c800000, 0x000000009f000000, 0x00000000a1a00000)
  object space 40960K, 53% used [0x000000009c800000,0x000000009dd6cac8,0x000000009f000000)
Event: 10.538 GC heap after
Heap after GC invocations=8 (full 1):
 PSYoungGen      total 109568K, used 6462K [0x00000000e0880000, 0x00000000edd80000, 0x0000000100000000)
  eden space 100352K, 0% used [0x00000000e0880000,0x00000000e0880000,0x00000000e6a80000)
  from space 9216K, 70% used [0x00000000e6a80000,0x00000000e70cf858,0x00000000e7380000)
  to   space 8704K, 0% used [0x00000000ed500000,0x00000000ed500000,0x00000000edd80000)
 ParOldGen       total 64000K, used 6830K [0x00000000a1a00000, 0x00000000a5880000, 0x00000000e0880000)
  object space 64000K, 10% used [0x00000000a1a00000,0x00000000a20abac8,0x00000000a5880000)
 PSPermGen       total 40960K, used 21938K [0x000000009c800000, 0x000000009f000000, 0x00000000a1a00000)
  object space 40960K, 53% used [0x000000009c800000,0x000000009dd6cac8,0x000000009f000000)
}

